2025-05-21 09:40:53 [main] INFO com.ui.listeners.MyTestListener::onStart::46 Test Suite Started 
2025-05-21 09:40:53 [TestNG-test-Test-3] ERROR com.ui.listeners.MyTestListener::onTestFailure::33 validateLoginJsonSuccessful is Fail 
2025-05-21 09:40:53 [TestNG-test-Test-3] ERROR com.ui.listeners.MyTestListener::onTestFailure::34 java.lang.NullPointerException: in == null 
2025-05-21 09:41:05 [TestNG-test-Test-1] INFO com.ui.listeners.MyTestListener::onTestStart::20 validateLoginCsvSuccessful 
2025-05-21 09:41:05 [TestNG-test-Test-1] INFO com.ui.listeners.MyTestListener::onTestStart::21 Positive login scenario 
2025-05-21 09:41:05 [TestNG-test-Test-1] INFO com.ui.listeners.MyTestListener::onTestStart::22 [e2e, sanity] 
2025-05-21 09:41:05 [TestNG-test-Test-1] INFO com.ui.pages.HomePage::clickOnSigninLink::20 Navigating to the website 
2025-05-21 09:41:05 [TestNG-test-Test-1] INFO com.ui.pages.HomePage::goToWebsite::14 Visiting the website http://www.automationpractice.pl/index.php 
2025-05-21 09:41:07 [TestNG-test-Test-2] INFO com.ui.listeners.MyTestListener::onTestStart::20 validateLoginExcelSuccessful 
2025-05-21 09:41:07 [TestNG-test-Test-2] INFO com.ui.listeners.MyTestListener::onTestStart::21 Positive login scenario 
2025-05-21 09:41:07 [TestNG-test-Test-2] INFO com.ui.listeners.MyTestListener::onTestStart::22 [e2e, sanity] 
2025-05-21 09:41:07 [TestNG-test-Test-2] INFO com.ui.pages.HomePage::clickOnSigninLink::20 Navigating to the website 
2025-05-21 09:41:07 [TestNG-test-Test-2] INFO com.ui.pages.HomePage::goToWebsite::14 Visiting the website http://www.automationpractice.pl/index.php 
2025-05-21 09:41:09 [TestNG-test-Test-1] INFO com.ui.pages.HomePage::click::24 Clicking on the locator By.cssSelector: a.login 
2025-05-21 09:41:09 [TestNG-test-Test-2] INFO com.ui.pages.HomePage::click::24 Clicking on the locator By.cssSelector: a.login 
2025-05-21 09:41:11 [TestNG-test-Test-1] INFO com.ui.pages.MyAccountPage::login::19 Entering the username 1rejiva4640@magpit.com 
2025-05-21 09:41:11 [TestNG-test-Test-1] INFO com.ui.pages.MyAccountPage::enterText::19 Finding the By.id: email entering the text1rejiva4640@magpit.com 
2025-05-21 09:41:11 [TestNG-test-Test-2] INFO com.ui.pages.MyAccountPage::login::19 Entering the username rejiva4640@magpit.com 
2025-05-21 09:41:11 [TestNG-test-Test-2] INFO com.ui.pages.MyAccountPage::enterText::19 Finding the By.id: email entering the textrejiva4640@magpit.com 
2025-05-21 09:41:11 [TestNG-test-Test-2] INFO com.ui.pages.MyAccountPage::login::21 Entering the pasword password 
2025-05-21 09:41:11 [TestNG-test-Test-2] INFO com.ui.pages.MyAccountPage::enterText::19 Finding the By.id: passwd entering the textpassword 
2025-05-21 09:41:12 [TestNG-test-Test-1] INFO com.ui.pages.MyAccountPage::login::21 Entering the pasword password 
2025-05-21 09:41:12 [TestNG-test-Test-1] INFO com.ui.pages.MyAccountPage::enterText::19 Finding the By.id: passwd entering the textpassword 
2025-05-21 09:41:12 [TestNG-test-Test-2] INFO com.ui.pages.MyAccountPage::login::23 clicking on the signin button 
2025-05-21 09:41:12 [TestNG-test-Test-1] INFO com.ui.pages.MyAccountPage::login::23 clicking on the signin button 
2025-05-21 09:41:12 [TestNG-test-Test-1] INFO com.ui.pages.MyAccountPage::click::24 Clicking on the locator By.id: SubmitLogin 
2025-05-21 09:41:12 [TestNG-test-Test-2] INFO com.ui.pages.MyAccountPage::click::24 Clicking on the locator By.id: SubmitLogin 
2025-05-21 09:41:13 [TestNG-test-Test-1] INFO com.ui.pages.MyDashboardPage::getName::15 Captuing the test of account name 
2025-05-21 09:41:13 [TestNG-test-Test-2] INFO com.ui.pages.MyDashboardPage::getName::15 Captuing the test of account name 
2025-05-21 09:41:13 [TestNG-test-Test-2] INFO com.ui.pages.MyDashboardPage::getText::29 Returning the captured text of account nameNavin Sharma 
2025-05-21 09:41:14 [TestNG-test-Test-2] INFO com.ui.listeners.MyTestListener::onTestSuccess::28 validateLoginExcelSuccessful is passed 
2025-05-21 09:41:24 [TestNG-test-Test-2] INFO com.ui.listeners.MyTestListener::onTestStart::20 validateLoginExcelSuccessful 
2025-05-21 09:41:24 [TestNG-test-Test-2] INFO com.ui.listeners.MyTestListener::onTestStart::21 Positive login scenario 
2025-05-21 09:41:24 [TestNG-test-Test-2] INFO com.ui.listeners.MyTestListener::onTestStart::22 [e2e, sanity] 
2025-05-21 09:41:24 [TestNG-test-Test-2] INFO com.ui.pages.HomePage::clickOnSigninLink::20 Navigating to the website 
2025-05-21 09:41:24 [TestNG-test-Test-2] INFO com.ui.pages.HomePage::goToWebsite::14 Visiting the website http://www.automationpractice.pl/index.php 
2025-05-21 09:41:27 [TestNG-test-Test-2] INFO com.ui.pages.HomePage::click::24 Clicking on the locator By.cssSelector: a.login 
2025-05-21 09:41:28 [TestNG-test-Test-1] ERROR com.ui.listeners.MyTestListener::onTestFailure::33 validateLoginCsvSuccessful is Fail 
2025-05-21 09:41:28 [TestNG-test-Test-1] ERROR com.ui.listeners.MyTestListener::onTestFailure::34 Expected condition failed: waiting for presence of element located by: By.cssSelector: .account span (tried for 15 second(s) with 500 milliseconds interval) 
2025-05-21 09:41:29 [TestNG-test-Test-2] INFO com.ui.pages.MyAccountPage::login::19 Entering the username nav640@magpit.com 
2025-05-21 09:41:29 [TestNG-test-Test-2] INFO com.ui.pages.MyAccountPage::enterText::19 Finding the By.id: email entering the textnav640@magpit.com 
2025-05-21 09:41:29 [TestNG-test-Test-2] INFO com.ui.pages.MyAccountPage::login::21 Entering the pasword password 
2025-05-21 09:41:29 [TestNG-test-Test-2] INFO com.ui.pages.MyAccountPage::enterText::19 Finding the By.id: passwd entering the textpassword 
2025-05-21 09:41:29 [TestNG-test-Test-2] INFO com.ui.pages.MyAccountPage::login::23 clicking on the signin button 
2025-05-21 09:41:29 [TestNG-test-Test-2] INFO com.ui.pages.MyAccountPage::click::24 Clicking on the locator By.id: SubmitLogin 
2025-05-21 09:41:30 [TestNG-test-Test-2] INFO com.ui.pages.MyDashboardPage::getName::15 Captuing the test of account name 
2025-05-21 09:41:40 [TestNG-test-Test-1] INFO com.ui.listeners.MyTestListener::onTestStart::20 validateLoginCsvSuccessful 
2025-05-21 09:41:40 [TestNG-test-Test-1] INFO com.ui.listeners.MyTestListener::onTestStart::21 Positive login scenario 
2025-05-21 09:41:40 [TestNG-test-Test-1] INFO com.ui.listeners.MyTestListener::onTestStart::22 [e2e, sanity] 
2025-05-21 09:41:40 [TestNG-test-Test-1] INFO com.ui.pages.HomePage::clickOnSigninLink::20 Navigating to the website 
2025-05-21 09:41:40 [TestNG-test-Test-1] INFO com.ui.pages.HomePage::goToWebsite::14 Visiting the website http://www.automationpractice.pl/index.php 
2025-05-21 09:41:43 [TestNG-test-Test-1] INFO com.ui.pages.HomePage::click::24 Clicking on the locator By.cssSelector: a.login 
2025-05-21 09:41:44 [TestNG-test-Test-1] INFO com.ui.pages.MyAccountPage::login::19 Entering the username rejiva4640@magpit.com 
2025-05-21 09:41:44 [TestNG-test-Test-1] INFO com.ui.pages.MyAccountPage::enterText::19 Finding the By.id: email entering the textrejiva4640@magpit.com 
2025-05-21 09:41:45 [TestNG-test-Test-1] INFO com.ui.pages.MyAccountPage::login::21 Entering the pasword password 
2025-05-21 09:41:45 [TestNG-test-Test-1] INFO com.ui.pages.MyAccountPage::enterText::19 Finding the By.id: passwd entering the textpassword 
2025-05-21 09:41:45 [TestNG-test-Test-1] INFO com.ui.pages.MyAccountPage::login::23 clicking on the signin button 
2025-05-21 09:41:45 [TestNG-test-Test-1] INFO com.ui.pages.MyAccountPage::click::24 Clicking on the locator By.id: SubmitLogin 
2025-05-21 09:41:46 [TestNG-test-Test-2] ERROR com.ui.listeners.MyTestListener::onTestFailure::33 validateLoginExcelSuccessful is Fail 
2025-05-21 09:41:46 [TestNG-test-Test-2] ERROR com.ui.listeners.MyTestListener::onTestFailure::34 Expected condition failed: waiting for presence of element located by: By.cssSelector: .account span (tried for 15 second(s) with 500 milliseconds interval) 
2025-05-21 09:41:46 [TestNG-test-Test-1] INFO com.ui.pages.MyDashboardPage::getName::15 Captuing the test of account name 
2025-05-21 09:41:47 [TestNG-test-Test-1] INFO com.ui.pages.MyDashboardPage::getText::29 Returning the captured text of account nameNavin Sharma 
2025-05-21 09:41:47 [TestNG-test-Test-1] INFO com.ui.listeners.MyTestListener::onTestSuccess::28 validateLoginCsvSuccessful is passed 
2025-05-21 09:41:48 [main] INFO com.ui.listeners.MyTestListener::onFinish::52 Test suite completed 
